app/build/outputs/logs/manifest-merger-debug-report.txt
-- Merging decision tree log ---
manifest
ADDED from src/main/AndroidManifest.xml:2:1-49:12
	package
		ADDED from src/main/AndroidManifest.xml:3:5-37
		INJECTED from src/main/AndroidManifest.xml
		INJECTED from src/main/AndroidManifest.xml
	android:versionName
		ADDED from src/main/AndroidManifest.xml:5:5-30
		INJECTED from src/main/AndroidManifest.xml
		INJECTED from src/main/AndroidManifest.xml
	android:versionCode
		ADDED from src/main/AndroidManifest.xml:4:5-28
		INJECTED from src/main/AndroidManifest.xml
		INJECTED from src/main/AndroidManifest.xml
	xmlns:android
		ADDED from src/main/AndroidManifest.xml:2:11-69
uses-permission#android.permission.ACCESS_NETWORK_STATE
ADDED from src/main/AndroidManifest.xml:6:5-79
	android:name
		ADDED from src/main/AndroidManifest.xml:6:22-76
uses-permission#android.permission.INTERNET
ADDED from src/main/AndroidManifest.xml:7:5-67
	android:name
		ADDED from src/main/AndroidManifest.xml:7:22-64
uses-sdk
ADDED from src/main/AndroidManifest.xml:8:5-10:41
MERGED from [com.android.support:recyclerview-v7:23.0.1] AndroidManifest.xml:20:5-43
MERGED from [com.android.support:support-v4:23.0.1] AndroidManifest.xml:20:5-43
	android:targetSdkVersion
		ADDED from src/main/AndroidManifest.xml:10:9-38
		INJECTED from src/main/AndroidManifest.xml
		INJECTED from src/main/AndroidManifest.xml
	android:minSdkVersion
		ADDED from src/main/AndroidManifest.xml:9:9-35
		INJECTED from src/main/AndroidManifest.xml
		INJECTED from src/main/AndroidManifest.xml
application
ADDED from src/main/AndroidManifest.xml:12:5-47:19
MERGED from [com.android.support:support-v4:23.0.1] AndroidManifest.xml:22:5-20
	android:label
		ADDED from src/main/AndroidManifest.xml:15:9-41
	android:allowBackup
		ADDED from src/main/AndroidManifest.xml:13:9-35
	android:icon
		ADDED from src/main/AndroidManifest.xml:14:9-45
	android:theme
		ADDED from src/main/AndroidManifest.xml:16:9-40
activity#com.imen_nmn.widgetpok.MainActivity
ADDED from src/main/AndroidManifest.xml:17:9-22:20
	android:name
		ADDED from src/main/AndroidManifest.xml:17:19-47
intent-filter#android.intent.action.MAIN+android.intent.category.LAUNCHER
ADDED from src/main/AndroidManifest.xml:18:13-21:29
action#android.intent.action.MAIN
ADDED from src/main/AndroidManifest.xml:19:17-69
	android:name
		ADDED from src/main/AndroidManifest.xml:19:25-66
category#android.intent.category.LAUNCHER
ADDED from src/main/AndroidManifest.xml:20:17-77
	android:name
		ADDED from src/main/AndroidManifest.xml:20:27-74
receiver#com.imen_nmn.widgetpok.WidgetProvider
ADDED from src/main/AndroidManifest.xml:24:9-40:20
	android:name
		ADDED from src/main/AndroidManifest.xml:24:19-71
intent-filter#android.appwidget.action.APPWIDGET_UPDATE+android.net.conn.CONNECTIVITY_CHANGE+android.net.wifi.WIFI_STATE_CHANGED+com.imen.nmn.DISPLAY_ERROR_MSG+com.imen.nmn.LOADING_STATE+com.imen.nmn.REFRESH_LOCATION_LIST+com.imen.nmn.SERVICE_STOPPED
ADDED from src/main/AndroidManifest.xml:25:13-35:29
action#android.appwidget.action.APPWIDGET_UPDATE
ADDED from src/main/AndroidManifest.xml:28:17-84
	android:name
		ADDED from src/main/AndroidManifest.xml:28:25-81
action#android.net.conn.CONNECTIVITY_CHANGE
ADDED from src/main/AndroidManifest.xml:29:17-79
	android:name
		ADDED from src/main/AndroidManifest.xml:29:25-76
action#android.net.wifi.WIFI_STATE_CHANGED
ADDED from src/main/AndroidManifest.xml:30:17-78
	android:name
		ADDED from src/main/AndroidManifest.xml:30:25-75
action#com.imen.nmn.REFRESH_LOCATION_LIST
ADDED from src/main/AndroidManifest.xml:31:17-77
	android:name
		ADDED from src/main/AndroidManifest.xml:31:25-74
action#com.imen.nmn.DISPLAY_ERROR_MSG
ADDED from src/main/AndroidManifest.xml:32:17-73
	android:name
		ADDED from src/main/AndroidManifest.xml:32:25-70
action#com.imen.nmn.LOADING_STATE
ADDED from src/main/AndroidManifest.xml:33:17-68
	android:name
		ADDED from src/main/AndroidManifest.xml:33:25-66
action#com.imen.nmn.SERVICE_STOPPED
ADDED from src/main/AndroidManifest.xml:34:17-71
	android:name
		ADDED from src/main/AndroidManifest.xml:34:25-68
meta-data#android.appwidget.provider
ADDED from src/main/AndroidManifest.xml:37:13-39:54
	android:resource
		ADDED from src/main/AndroidManifest.xml:39:17-51
	android:name
		ADDED from src/main/AndroidManifest.xml:38:17-58
service#com.imen_nmn.widgetpok.WidgetService
ADDED from src/main/AndroidManifest.xml:42:9-44:72
	android:permission
		ADDED from src/main/AndroidManifest.xml:44:13-69
	android:name
		ADDED from src/main/AndroidManifest.xml:43:13-64
service#com.imen_nmn.widgetpok.UpdateService
ADDED from src/main/AndroidManifest.xml:46:9-72
	android:name
		ADDED from src/main/AndroidManifest.xml:46:18-69